Arguments: 
  /usr/bin/node /usr/share/yarn/bin/yarn.js install

PATH: 
  /usr/local/sbin:/usr/local/bin:/usr/sbin:/usr/bin:/sbin:/bin:/usr/games:/usr/local/games:/snap/bin

Yarn version: 
  1.22.4

Node version: 
  12.16.3

Platform: 
  linux x64

Trace: 
  Error: connect ENETUNREACH 104.16.16.35:443 - Local (0.0.0.0:0)
      at internalConnect (net.js:921:16)
      at defaultTriggerAsyncIdScope (internal/async_hooks.js:296:12)
      at emitLookup (net.js:1063:9)
      at /usr/share/yarn/lib/cli.js:107523:28
      at /usr/share/yarn/lib/cli.js:107432:13
      at RawTask.module.exports.RawTask.call (/usr/share/yarn/lib/cli.js:83613:19)
      at flush (/usr/share/yarn/lib/cli.js:83695:29)
      at processTicksAndRejections (internal/process/task_queues.js:79:11)

npm manifest: 
  {
    "name": "control-unity",
    "version": "1.0.0",
    "description": "Aplicativo web para la administracion y gestion de reservas de aulas e implementos educativos para la uniclaretiana",
    "author": "Stiwar Asprilla &amp; Jhon E. Palacios",
    "private": true,
    "scripts": {
      "dev": "cross-env NODE_ENV=development nodemon api/index.js --watch api",
      "build": "nuxt build",
      "start": "cross-env NODE_ENV=production node api/index.js",
      "generate": "nuxt generate",
      "debug": "node --inspect ./api/index.js"
    },
    "dependencies": {
      "@nuxtjs/axios": "^5.3.6",
      "@nuxtjs/font-awesome": "^1.0.4",
      "@nuxtjs/pwa": "^3.0.0-0",
      "@nuxtjs/toast": "^3.3.0",
      "bcrypt": "^4.0.1",
      "body-parser": "^1.19.0",
      "cors": "^2.8.5",
      "cross-env": "^5.2.0",
      "express": "^4.17.1",
      "express-mongo-sanitize": "^1.3.2",
      "express-promise-router": "^3.0.3",
      "express-session": "^1.17.0",
      "jsonwebtoken": "^8.5.1",
      "mongoose": "^5.8.11",
      "morgan": "^1.9.1",
      "nuxt": "^2.0.0",
      "redirect-ssl": "^1.4.1",
      "vuetify-datetime-picker": "^2.1.1"
    },
    "devDependencies": {
      "@nuxtjs/vuetify": "^1.0.0",
      "eslint-config-prettier": "^4.1.0",
      "eslint-plugin-prettier": "^3.0.1",
      "nodemon": "^1.18.9",
      "prettier": "^1.16.4",
      "script-loader": "^0.7.2"
    }
  }

yarn manifest: 
  No manifest

Lockfile: 
  No lockfile
